app/build/intermediates/manifest_merge_blame_file/debug/manifest-merger-blame-debug-report.txt
1<?xml version="1.0" encoding="utf-8"?>
2<manifest xmlns:android="http://schemas.android.com/apk/res/android"
3    package="com.kstu.myapplication"
4    android:versionCode="1"
5    android:versionName="1.0" >
6
7    <uses-sdk
8        android:minSdkVersion="19"
8-->src\main\AndroidManifest.xml
9        android:targetSdkVersion="29" />
9-->src\main\AndroidManifest.xml
10
11    <uses-permission android:name="android.permission.INTERNET" />
11-->src\main\AndroidManifest.xml:6:5-66
11-->src\main\AndroidManifest.xml:6:22-64
12
13    <application
13-->src\main\AndroidManifest.xml:7:5-41:19
14        android:allowBackup="true"
14-->src\main\AndroidManifest.xml:8:9-35
15        android:appComponentFactory="androidx.core.app.CoreComponentFactory"
15-->[androidx.core:core:1.1.0] AndroidManifest.xml:24:18-86
16        android:debuggable="true"
17        android:icon="@mipmap/ic_launcher"
17-->src\main\AndroidManifest.xml:9:9-43
18        android:label="@string/app_name"
18-->src\main\AndroidManifest.xml:10:9-41
19        android:roundIcon="@mipmap/ic_launcher_round"
19-->src\main\AndroidManifest.xml:11:9-54
20        android:supportsRtl="true"
20-->src\main\AndroidManifest.xml:12:9-35
21        android:theme="@style/AppTheme" >
21-->src\main\AndroidManifest.xml:13:9-40
22        <activity android:name="com.kstu.myapplication.ui.lessons.students.StudentsActivity" >
22-->src\main\AndroidManifest.xml:15:9-18:20
22-->src\main\AndroidManifest.xml:15:19-71
23        </activity>
24        <activity
24-->src\main\AndroidManifest.xml:19:9-22:20
25            android:name="com.kstu.myapplication.ui.lessons.NewLessonActivity"
25-->src\main\AndroidManifest.xml:20:13-57
26            android:theme="@style/AppTheme" >
26-->src\main\AndroidManifest.xml:21:13-44
27        </activity>
28        <activity
28-->src\main\AndroidManifest.xml:23:9-27:20
29            android:name="com.kstu.myapplication.ui.lessons.LessonListActivity"
29-->src\main\AndroidManifest.xml:24:13-58
30            android:theme="@style/AppTheme" >
30-->src\main\AndroidManifest.xml:25:13-44
31        </activity>
32        <activity
32-->src\main\AndroidManifest.xml:28:9-36:20
33            android:name="com.kstu.myapplication.LoginActivity"
33-->src\main\AndroidManifest.xml:29:13-42
34            android:theme="@style/AppTheme.NoActionBar" >
34-->src\main\AndroidManifest.xml:30:13-56
35            <intent-filter>
35-->src\main\AndroidManifest.xml:31:13-35:29
36                <action android:name="android.intent.action.MAIN" />
36-->src\main\AndroidManifest.xml:32:17-69
36-->src\main\AndroidManifest.xml:32:25-66
37
38                <category android:name="android.intent.category.LAUNCHER" />
38-->src\main\AndroidManifest.xml:34:17-77
38-->src\main\AndroidManifest.xml:34:27-74
39            </intent-filter>
40        </activity>
41        <activity
41-->src\main\AndroidManifest.xml:37:9-40:59
42            android:name="com.kstu.myapplication.MainActivity"
42-->src\main\AndroidManifest.xml:38:13-41
43            android:label="@string/app_name"
43-->src\main\AndroidManifest.xml:39:13-45
44            android:theme="@style/AppTheme.NoActionBar" />
44-->src\main\AndroidManifest.xml:40:13-56
45
46        <provider
46-->[androidx.lifecycle:lifecycle-process:2.1.0] AndroidManifest.xml:23:9-27:43
47            android:name="androidx.lifecycle.ProcessLifecycleOwnerInitializer"
47-->[androidx.lifecycle:lifecycle-process:2.1.0] AndroidManifest.xml:24:13-79
48            android:authorities="com.kstu.myapplication.lifecycle-process"
48-->[androidx.lifecycle:lifecycle-process:2.1.0] AndroidManifest.xml:25:13-69
49            android:exported="false"
49-->[androidx.lifecycle:lifecycle-process:2.1.0] AndroidManifest.xml:26:13-37
50            android:multiprocess="true" />
50-->[androidx.lifecycle:lifecycle-process:2.1.0] AndroidManifest.xml:27:13-40
51    </application>
52
53</manifest>